Arguments: 
  C:\Program Files\nodejs\node.exe C:\Users\piroi16\AppData\Roaming\npm\node_modules\yarn\bin\yarn.js install

PATH: 
  C:\Program Files\Microsoft Visual Studio\2022\Preview\Common7\IDE\CommonExtensions\Microsoft\TestWindow;C:\Program Files\Microsoft Visual Studio\2022\Preview\Common7\IDE\CommonExtensions\Microsoft\TeamFoundation\Team Explorer;C:\Program Files\Microsoft Visual Studio\2022\Preview\Common7\Tools\devinit;C:\Program Files (x86)\Windows Kits\10\bin\10.0.19041.0\\x86;C:\Program Files (x86)\Windows Kits\10\bin\\x86;C:\Program Files\Microsoft Visual Studio\2022\Preview\\MSBuild\Current\Bin\amd64;C:\Windows\Microsoft.NET\Framework\v4.0.30319;C:\Program Files\Microsoft Visual Studio\2022\Preview\Common7\IDE\;C:\Program Files\Microsoft Visual Studio\2022\Preview\Common7\Tools\;C:\Program Files (x86)\Common Files\Oracle\Java\javapath;C:\windows\System32\WindowsPowerShell\v1.0\;C:\windows\system32;C:\windows;C:\windows\System32\Wbem;C:\windows\System32\OpenSSH\;C:\ProgramData\chocolatey\bin;C:\Program Files\Git\cmd;C:\Program Files (x86)\pragma\bin;C:\Program Files\Docker\Docker\resources\bin;C:\ProgramData\DockerDesktop\version-bin;C:\Users\piroi16\AppData\Roaming\nvm;C:\Program Files\nodejs;C:\Program Files\dotnet\;C:\Users\piroi16\AppData\Local\Microsoft\WindowsApps;C:\Users\piroi16\AppData\Local\Programs\IPFS Desktop\resources\app.asar.unpacked\src\ipfs-on-path\scripts\bin-win;C:\Users\piroi16\AppData\Local\GitHubDesktop\bin;C:\Users\piroi16\AppData\Local\Programs\Microsoft VS Code\bin;C:\Users\piroi16\AppData\Roaming\npm;C:\Users\piroi16\AppData\Roaming\nvm;C:\Program Files\nodejs;c:\users\piroi16\.local\bin;c:\users\piroi16\appdata\roaming\python\python39\scripts;C:\Python39\Scripts;C:\Users\piroi16\AppData\Local\Programs\Python\Python39\Scripts

Yarn version: 
  1.22.11

Node version: 
  16.9.1

Platform: 
  win32 x64

Trace: 
  SyntaxError: C:\Users\piroi16\Documents\GitHub\Solana-NFT-FrontEnd\package.json: Unexpected token 
   in JSON at position 394
      at JSON.parse (<anonymous>)
      at C:\Users\piroi16\AppData\Roaming\npm\node_modules\yarn\lib\cli.js:1625:59
      at Generator.next (<anonymous>)
      at step (C:\Users\piroi16\AppData\Roaming\npm\node_modules\yarn\lib\cli.js:310:30)
      at C:\Users\piroi16\AppData\Roaming\npm\node_modules\yarn\lib\cli.js:321:13

npm manifest: 
  {
    "name": "solana-nft-frontend",
    "version": "1.0.0",
    "description": "HTML/Pure.js/Web3/js",
    "main": "index.js",
      "scripts": {
          "test": "echo \"Error: no test specified\" && exit 1",
          "build": "CROSS-env NODE_ENV-production webpack --config webpack/webpack.config.prod.js --colors",
          "start:dev": "webpack-dev-server --open --config webpack/webpack.config.dev.js,
      },
    "repository": {
      "type": "git",
      "url": "git+https://github.com/reunion-island-art-digitizer/Solana-NFT-FrontEnd.git"
    },
    "author": "",
    "license": "ISC",
    "bugs": {
      "url": "https://github.com/reunion-island-art-digitizer/Solana-NFT-FrontEnd/issues"
    },
    "homepage": "https://github.com/reunion-island-art-digitizer/Solana-NFT-FrontEnd#readme",
      "devDependencies": {
          "nodemon": "^2.0.13"
    }

yarn manifest: 
  No manifest

Lockfile: 
  No lockfile
